[0.165s] Invoking command in '/home/furry/Desktop/gazebo_simulation/build/myrobot_controller': CMAKE_PREFIX_PATH=${CMAKE_PREFIX_PATH}:/home/furry/Desktop/gazebo_simulation/install/laser:/opt/ros/humble /usr/bin/cmake /home/furry/Desktop/gazebo_simulation/src/myrobot_controller -DAMENT_CMAKE_SYMLINK_INSTALL=1 -DCMAKE_INSTALL_PREFIX=/home/furry/Desktop/gazebo_simulation/install/myrobot_controller
[0.171s] -- Found ament_cmake: 1.3.11 (/opt/ros/humble/share/ament_cmake/cmake)
[0.247s] -- Override CMake install command with custom implementation using symlinks instead of copying resources
[0.252s] -- Found rclpy: 3.3.15 (/opt/ros/humble/share/rclpy/cmake)
[0.252s] -- Found std_msgs: 4.2.4 (/opt/ros/humble/share/std_msgs/cmake)
[0.266s] -- Found rosidl_generator_c: 3.1.6 (/opt/ros/humble/share/rosidl_generator_c/cmake)
[0.268s] -- Found rosidl_adapter: 3.1.6 (/opt/ros/humble/share/rosidl_adapter/cmake)
[0.271s] -- Found rosidl_generator_cpp: 3.1.6 (/opt/ros/humble/share/rosidl_generator_cpp/cmake)
[0.277s] -- Using all available rosidl_typesupport_c: rosidl_typesupport_fastrtps_c;rosidl_typesupport_introspection_c
[0.284s] -- Using all available rosidl_typesupport_cpp: rosidl_typesupport_fastrtps_cpp;rosidl_typesupport_introspection_cpp
[0.297s] -- Found geometry_msgs: 4.2.4 (/opt/ros/humble/share/geometry_msgs/cmake)
[0.305s] -- Found rclcpp: 16.0.11 (/opt/ros/humble/share/rclcpp/cmake)
[0.322s] -- Found rmw_implementation_cmake: 6.1.2 (/opt/ros/humble/share/rmw_implementation_cmake/cmake)
[0.322s] -- Found rmw_fastrtps_cpp: 6.2.7 (/opt/ros/humble/share/rmw_fastrtps_cpp/cmake)
[0.387s] -- Using RMW implementation 'rmw_fastrtps_cpp' as default
[0.454s] -- Found ament_lint_auto: 0.12.11 (/opt/ros/humble/share/ament_lint_auto/cmake)
[0.504s] -- Added test 'cppcheck' to perform static code analysis on C / C++ code
[0.504s] -- Configured cppcheck include dirs: /home/furry/Desktop/gazebo_simulation/src/myrobot_controller/include
[0.504s] -- Configured cppcheck exclude dirs and/or files: 
[0.504s] -- Added test 'flake8' to check Python code syntax and style conventions
[0.504s] -- Added test 'lint_cmake' to check CMake code style
[0.505s] -- Added test 'pep257' to check Python code against some of the docstring style conventions in PEP 257
[0.505s] -- Added test 'uncrustify' to check C / C++ code style
[0.505s] -- Configured uncrustify additional arguments: 
[0.506s] -- Added test 'xmllint' to check XML markup files
[0.506s] -- Configuring done
[0.514s] -- Generating done
[0.516s] -- Build files have been written to: /home/furry/Desktop/gazebo_simulation/build/myrobot_controller
[0.522s] Invoked command in '/home/furry/Desktop/gazebo_simulation/build/myrobot_controller' returned '0': CMAKE_PREFIX_PATH=${CMAKE_PREFIX_PATH}:/home/furry/Desktop/gazebo_simulation/install/laser:/opt/ros/humble /usr/bin/cmake /home/furry/Desktop/gazebo_simulation/src/myrobot_controller -DAMENT_CMAKE_SYMLINK_INSTALL=1 -DCMAKE_INSTALL_PREFIX=/home/furry/Desktop/gazebo_simulation/install/myrobot_controller
[0.522s] Invoking command in '/home/furry/Desktop/gazebo_simulation/build/myrobot_controller': CMAKE_PREFIX_PATH=${CMAKE_PREFIX_PATH}:/home/furry/Desktop/gazebo_simulation/install/laser:/opt/ros/humble /usr/bin/cmake --build /home/furry/Desktop/gazebo_simulation/build/myrobot_controller -- -j24 -l24
[0.550s] [35m[1mConsolidate compiler generated dependencies of target simple_controller[0m
[0.556s] failed to create symbolic link '/home/furry/Desktop/gazebo_simulation/build/myrobot_controller/ament_cmake_python/myrobot_controller/myrobot_controller' because existing path cannot be removed: Is a directory
[0.557s] gmake[2]: *** [CMakeFiles/ament_cmake_python_symlink_myrobot_controller.dir/build.make:70ÔºöCMakeFiles/ament_cmake_python_symlink_myrobot_controller] ÈîôËØØ 1
[0.557s] gmake[1]: *** [CMakeFiles/Makefile2:140ÔºöCMakeFiles/ament_cmake_python_symlink_myrobot_controller.dir/all] ÈîôËØØ 2
[0.557s] gmake[1]: *** Ê≠£Âú®Á≠âÂæÖÊú™ÂÆåÊàêÁöÑ‰ªªÂä°....
[0.562s] [ 50%] [32m[1mLinking CXX executable simple_controller[0m
[0.822s] [100%] Built target simple_controller
[0.823s] gmake: *** [Makefile:146Ôºöall] ÈîôËØØ 2
[0.824s] Invoked command in '/home/furry/Desktop/gazebo_simulation/build/myrobot_controller' returned '2': CMAKE_PREFIX_PATH=${CMAKE_PREFIX_PATH}:/home/furry/Desktop/gazebo_simulation/install/laser:/opt/ros/humble /usr/bin/cmake --build /home/furry/Desktop/gazebo_simulation/build/myrobot_controller -- -j24 -l24
